<?xml version="1.0" encoding="UTF-8"?>
<!-- Generated by org.testng.reporters.JUnitXMLReporter -->
<testsuite ignored="3" hostname="DESKTOP-5IN5P6J" failures="0" tests="1" name="Test" time="10.514" errors="0" timestamp="2025-05-26T11:23:37 IST">
  <testcase classname="testScript.LoginTest" name="loginTest" time="3.222"/>
  <testcase classname="testScript.LoginTest" name="loginTest2" time="0.0">
    <ignored/>
  </testcase> <!-- loginTest2 -->
  <testcase classname="testScript.LoginTest" name="loginTest1" time="0.0">
    <ignored/>
  </testcase> <!-- loginTest1 -->
  <testcase classname="testScript.LoginTest" name="loginTest3" time="0.0">
    <ignored/>
  </testcase> <!-- loginTest3 -->
</testsuite> <!-- Test -->
